2021-09-14 18:43:13 INFO  ProjectStartupHandler.runActivity(74) - ---------- Project opened ----------
2021-09-14 18:43:13 INFO  ProjectStartupHandler.runActivity(75) - ---------- Version 3.53 ----------

2021-09-14 18:43:13 INFO  ProjectStartupHandler.setAutoscrolls(346) - Autoscrolls successfully set
2021-09-14 18:43:14 INFO  ApacheHttpClient.isSessionAppropriateWithSecretKey(589) - The session is not set in the property file.
2021-09-14 18:44:12 INFO  ApacheHttpClient.login(250) - Waiting for server response.
2021-09-14 18:44:13 INFO  ApacheHttpClient.login(250) - Waiting for server response.
2021-09-14 18:44:13 INFO  ApacheHttpClient.login(254) - responseCode = 200
2021-09-14 18:44:13 INFO  ApacheHttpClient.login(277) - JSESSIONID OK
2021-09-14 18:44:13 INFO  ApacheHttpClient.refreshUserInfo(305) - responseCode = 200
2021-09-14 18:44:13 INFO  ApacheHttpClient.refreshUserInfo(311) - User information received.
2021-09-14 18:44:13 INFO  ApacheHttpClient.startGA(36) - GAService started.
2021-09-14 18:44:13 INFO  AbstractRestApiClient.startService(71) - EventsService started.
2021-09-14 18:44:43 INFO  ApacheHttpClient.getWebResourceAsStream(502) - responseCode = 200
2021-09-14 18:44:45 INFO  ApacheHttpClient.getFilteredTasks(336) - responseCode = 200
2021-09-14 18:44:54 INFO  ApacheHttpClient.getFilteredTasks(336) - responseCode = 200
2021-09-14 18:44:58 INFO  ApacheHttpClient.getFilteredTasks(336) - responseCode = 200
2021-09-16 22:01:02 INFO  ProjectStartupHandler.runActivity(74) - ---------- Project opened ----------
2021-09-16 22:01:03 INFO  ProjectStartupHandler.runActivity(75) - ---------- Version 3.53 ----------

2021-09-16 22:01:03 INFO  ProjectStartupHandler.setAutoscrolls(346) - Autoscrolls successfully set
2021-09-16 22:01:03 INFO  ApacheHttpClient.isSessionAppropriateWithSecretKey(602) - Waiting for server response.
2021-09-16 22:01:03 INFO  ApacheHttpClient.isSessionAppropriateWithSecretKey(602) - Waiting for server response.
2021-09-16 22:01:03 INFO  ApacheHttpClient.refreshUserInfo(305) - responseCode = 200
2021-09-16 22:01:03 INFO  ApacheHttpClient.refreshUserInfo(311) - User information received.
2021-09-16 22:01:03 INFO  ApacheHttpClient.startGA(36) - GAService started.
2021-09-16 22:01:03 INFO  AbstractRestApiClient.startService(71) - EventsService started.
2021-09-16 22:02:24 INFO  ApacheHttpClient.getWebResourceAsStream(502) - responseCode = 200
2021-09-16 22:02:26 INFO  ApacheHttpClient.getFilteredTasks(336) - responseCode = 200
2021-09-16 22:04:50 INFO  ApacheHttpClient.getFilteredTasks(336) - responseCode = 200
2021-09-16 22:04:55 INFO  ApacheHttpClient.getFilteredTasks(336) - responseCode = 200
2021-09-16 22:04:57 INFO  ApacheHttpClient.getTaskTemplateInfo(353) - responseCode = 200
2021-09-16 22:04:57 INFO  TaskInfoSelectorMouseListener.createDirectoryRecursive(77) - File created :D:/IntellijIdea-workspace/CodeGymTasks/1.JavaSyntax/src/com
2021-09-16 22:04:57 INFO  TaskInfoSelectorMouseListener.createDirectoryRecursive(77) - File created :D:/IntellijIdea-workspace/CodeGymTasks/1.JavaSyntax/src/com/codegym
2021-09-16 22:04:57 INFO  TaskInfoSelectorMouseListener.createDirectoryRecursive(77) - File created :D:/IntellijIdea-workspace/CodeGymTasks/1.JavaSyntax/src/com/codegym/task
2021-09-16 22:04:57 INFO  TaskInfoSelectorMouseListener.createDirectoryRecursive(77) - File created :D:/IntellijIdea-workspace/CodeGymTasks/1.JavaSyntax/src/com/codegym/task/task03
2021-09-16 22:04:57 INFO  TaskInfoSelectorMouseListener.createDirectoryRecursive(77) - File created :D:/IntellijIdea-workspace/CodeGymTasks/1.JavaSyntax/src/com/codegym/task/task03/task0308
2021-09-16 22:05:03 INFO  ApacheHttpClient.sendEvent(535) - responseCode = 200
2021-09-16 22:05:29 INFO  ApacheHttpClient.getWebResourceAsStream(502) - responseCode = 200
2021-09-16 22:06:03 INFO  ApacheHttpClient.sendEvent(535) - responseCode = 200
2021-09-16 22:07:03 INFO  ApacheHttpClient.sendEvent(535) - responseCode = 200
2021-09-16 22:08:03 INFO  ApacheHttpClient.sendEvent(535) - responseCode = 200
2021-09-16 22:09:03 INFO  ApacheHttpClient.sendEvent(535) - responseCode = 200
2021-09-16 22:10:03 INFO  ApacheHttpClient.sendEvent(535) - responseCode = 200
2021-09-16 22:11:03 INFO  ApacheHttpClient.sendEvent(535) - responseCode = 200
2021-09-16 22:11:37 INFO  ApacheHttpClient.getWebResourceAsStream(502) - responseCode = 200
2021-09-16 22:11:38 INFO  ApacheHttpClient.getTask(488) - responseCode = 200
2021-09-16 22:11:39 INFO  ApacheHttpClient.completed(32) - responseCode = 200
2021-09-16 22:11:39 INFO  ApacheHttpClient.getTask(488) - responseCode = 200
2021-09-16 22:12:03 INFO  ApacheHttpClient.sendEvent(535) - responseCode = 200
2021-09-16 22:13:03 INFO  ApacheHttpClient.sendEvent(535) - responseCode = 200
2021-09-16 22:14:03 INFO  ApacheHttpClient.sendEvent(535) - responseCode = 200
2021-09-16 22:15:03 INFO  ApacheHttpClient.sendEvent(535) - responseCode = 200
2021-09-16 22:16:03 INFO  ApacheHttpClient.sendEvent(535) - responseCode = 200
2021-09-16 22:17:03 INFO  ApacheHttpClient.sendEvent(535) - responseCode = 200
2021-09-16 22:18:03 INFO  ProjectStartupHandler.projectClosing(155) - ---------- Project closed ----------

2021-09-16 22:18:03 INFO  ApacheHttpClient.getTask(488) - responseCode = 200
2021-09-16 22:18:03 INFO  PluginProjectService.dispose(41) - PluginProjectService for disposed.
2021-09-16 22:18:25 INFO  ProjectStartupHandler.runActivity(74) - ---------- Project opened ----------
2021-09-16 22:18:25 INFO  ProjectStartupHandler.runActivity(75) - ---------- Version 3.53 ----------

2021-09-16 22:18:25 INFO  ApacheHttpClient.isSessionAppropriateWithSecretKey(602) - Waiting for server response.
2021-09-16 22:18:25 INFO  ApacheHttpClient.isSessionAppropriateWithSecretKey(602) - Waiting for server response.
2021-09-16 22:18:25 INFO  ApacheHttpClient.refreshUserInfo(305) - responseCode = 200
2021-09-16 22:18:25 INFO  ApacheHttpClient.refreshUserInfo(311) - User information received.
2021-09-16 22:18:25 INFO  ApacheHttpClient.startGA(36) - GAService started.
2021-09-16 22:18:25 INFO  AbstractRestApiClient.startService(71) - EventsService started.
2021-09-16 22:19:26 INFO  ApacheHttpClient.sendEvent(535) - responseCode = 200
2021-09-16 22:19:36 INFO  ApacheHttpClient.getWebResourceAsStream(502) - responseCode = 200
2021-09-16 22:19:37 INFO  ApacheHttpClient.getFilteredTasks(336) - responseCode = 200
2021-09-16 22:19:41 INFO  ApacheHttpClient.getFilteredTasks(336) - responseCode = 200
2021-09-16 22:19:43 INFO  ApacheHttpClient.getFilteredTasks(336) - responseCode = 200
2021-09-16 22:19:44 INFO  ApacheHttpClient.getFilteredTasks(336) - responseCode = 200
2021-09-16 22:20:26 INFO  ApacheHttpClient.sendEvent(535) - responseCode = 200
2021-09-16 22:21:26 INFO  ApacheHttpClient.sendEvent(535) - responseCode = 200
2021-09-16 22:21:47 INFO  ApacheHttpClient.getWebResourceAsStream(502) - responseCode = 200
2021-09-16 22:21:48 INFO  ApacheHttpClient.getTask(488) - responseCode = 200
2021-09-16 22:21:48 INFO  ApacheHttpClient.completed(32) - responseCode = 200
2021-09-16 22:21:49 INFO  ApacheHttpClient.getTask(488) - responseCode = 200
2021-09-16 22:21:53 INFO  ApacheHttpClient.getWebResourceAsStream(502) - responseCode = 200
2021-09-16 22:21:53 INFO  ApacheHttpClient.getFilteredTasks(336) - responseCode = 200
2021-09-16 22:21:56 INFO  ApacheHttpClient.getFilteredTasks(336) - responseCode = 200
2021-09-16 22:22:18 INFO  ApacheHttpClient.getWebResourceAsStream(502) - responseCode = 200
2021-09-16 22:22:18 INFO  ApacheHttpClient.getFilteredTasks(336) - responseCode = 200
2021-09-16 22:23:13 INFO  ProjectStartupHandler.projectClosing(155) - ---------- Project closed ----------

2021-09-16 22:23:13 INFO  ApacheHttpClient.getTask(488) - responseCode = 200
2021-09-16 22:23:13 INFO  PluginProjectService.dispose(41) - PluginProjectService for disposed.
2021-09-16 22:23:46 INFO  ProjectStartupHandler.runActivity(74) - ---------- Project opened ----------
2021-09-16 22:23:46 INFO  ProjectStartupHandler.runActivity(75) - ---------- Version 3.53 ----------

2021-09-16 22:23:46 INFO  ApacheHttpClient.isSessionAppropriateWithSecretKey(602) - Waiting for server response.
2021-09-16 22:23:46 INFO  ApacheHttpClient.isSessionAppropriateWithSecretKey(602) - Waiting for server response.
2021-09-16 22:23:46 INFO  ApacheHttpClient.refreshUserInfo(305) - responseCode = 200
2021-09-16 22:23:46 INFO  ApacheHttpClient.refreshUserInfo(311) - User information received.
2021-09-16 22:23:46 INFO  ApacheHttpClient.startGA(36) - GAService started.
2021-09-16 22:23:46 INFO  AbstractRestApiClient.startService(71) - EventsService started.
2021-09-16 22:23:52 INFO  ApacheHttpClient.getWebResourceAsStream(502) - responseCode = 200
2021-09-16 22:23:52 INFO  ApacheHttpClient.getFilteredTasks(336) - responseCode = 200
2021-09-16 22:25:07 INFO  ApacheHttpClient.getWebResourceAsStream(502) - responseCode = 200
2021-09-16 22:25:07 INFO  ApacheHttpClient.getFilteredTasks(336) - responseCode = 200
2021-09-16 22:25:11 INFO  ApacheHttpClient.getFilteredTasks(336) - responseCode = 200
2021-09-16 22:25:21 INFO  ApacheHttpClient.getTaskTemplateInfo(353) - responseCode = 200
2021-09-16 22:25:21 INFO  TaskInfoSelectorMouseListener.createDirectoryRecursive(77) - File created :D:/IntellijIdea-workspace/CodeGymTasks/1.JavaSyntax/src/com/codegym/task/task03/task0306
2021-09-16 22:25:46 INFO  ApacheHttpClient.sendEvent(535) - responseCode = 200
2021-09-16 22:26:46 INFO  ApacheHttpClient.sendEvent(535) - responseCode = 200
2021-09-16 22:27:46 INFO  ApacheHttpClient.sendEvent(535) - responseCode = 200
2021-09-16 22:28:46 INFO  ApacheHttpClient.sendEvent(535) - responseCode = 200
2021-09-16 22:29:46 INFO  ApacheHttpClient.sendEvent(535) - responseCode = 200
2021-09-16 22:29:54 INFO  ApacheHttpClient.getWebResourceAsStream(502) - responseCode = 200
2021-09-16 22:29:54 INFO  ApacheHttpClient.getFilteredTasks(336) - responseCode = 200
2021-09-16 22:29:57 INFO  ApacheHttpClient.getTaskTemplateInfo(353) - responseCode = 200
2021-09-16 22:29:57 INFO  TaskInfoSelectorMouseListener.createDirectoryRecursive(77) - File created :D:/IntellijIdea-workspace/CodeGymTasks/1.JavaSyntax/src/com/codegym/task/task03/task0309
2021-09-16 22:30:46 INFO  ApacheHttpClient.sendEvent(535) - responseCode = 200
2021-09-16 22:31:46 INFO  ApacheHttpClient.getWebResourceAsStream(502) - responseCode = 200
2021-09-16 22:31:47 INFO  ApacheHttpClient.getTask(488) - responseCode = 200
2021-09-16 22:31:47 INFO  ApacheHttpClient.sendEvent(535) - responseCode = 200
2021-09-16 22:31:47 INFO  ApacheHttpClient.completed(32) - responseCode = 200
2021-09-16 22:32:10 INFO  ApacheHttpClient.getWebResourceAsStream(502) - responseCode = 200
2021-09-16 22:32:11 INFO  ApacheHttpClient.getTask(488) - responseCode = 200
2021-09-16 22:32:12 INFO  ApacheHttpClient.completed(32) - responseCode = 200
2021-09-16 22:32:12 INFO  ApacheHttpClient.getTask(488) - responseCode = 200
2021-09-16 22:32:46 INFO  ApacheHttpClient.sendEvent(535) - responseCode = 200
2021-09-16 22:33:46 INFO  ApacheHttpClient.sendEvent(535) - responseCode = 200
2021-09-16 22:33:47 INFO  ApacheHttpClient.sendEvent(535) - responseCode = 200
2021-09-16 22:34:46 INFO  ApacheHttpClient.sendEvent(535) - responseCode = 200
2021-09-16 22:34:47 INFO  ApacheHttpClient.sendEvent(535) - responseCode = 200
2021-09-16 22:35:46 INFO  ApacheHttpClient.sendEvent(535) - responseCode = 200
2021-09-16 22:35:47 INFO  ApacheHttpClient.sendEvent(535) - responseCode = 200
2021-09-16 22:36:46 INFO  ApacheHttpClient.sendEvent(535) - responseCode = 200
2021-09-16 22:36:47 INFO  ApacheHttpClient.sendEvent(535) - responseCode = 200
2021-09-16 22:37:46 INFO  ApacheHttpClient.sendEvent(535) - responseCode = 200
2021-09-16 22:37:47 INFO  ApacheHttpClient.sendEvent(535) - responseCode = 200
2021-09-16 22:38:46 INFO  ApacheHttpClient.sendEvent(535) - responseCode = 200
2021-09-16 22:38:47 INFO  ApacheHttpClient.sendEvent(535) - responseCode = 200
2021-09-16 22:39:46 INFO  ApacheHttpClient.sendEvent(535) - responseCode = 200
2021-09-16 22:39:47 INFO  ApacheHttpClient.sendEvent(535) - responseCode = 200
2021-09-16 22:39:50 INFO  ApacheHttpClient.getWebResourceAsStream(502) - responseCode = 200
2021-09-16 22:39:51 INFO  ApacheHttpClient.getFilteredTasks(336) - responseCode = 200
2021-09-16 22:39:58 INFO  ApacheHttpClient.getTaskTemplateInfo(353) - responseCode = 200
2021-09-16 22:39:58 INFO  TaskInfoSelectorMouseListener.createDirectoryRecursive(77) - File created :D:/IntellijIdea-workspace/CodeGymTasks/1.JavaSyntax/src/com/codegym/task/task03/task0316
2021-09-16 22:39:59 INFO  ApacheHttpClient.getTaskTemplateInfo(353) - responseCode = 200
2021-09-16 22:40:46 INFO  ApacheHttpClient.sendEvent(535) - responseCode = 200
2021-09-16 22:41:46 INFO  ApacheHttpClient.sendEvent(535) - responseCode = 200
2021-09-16 22:42:01 INFO  ApacheHttpClient.getWebResourceAsStream(502) - responseCode = 200
2021-09-16 22:42:02 INFO  ApacheHttpClient.getTask(488) - responseCode = 200
2021-09-16 22:42:03 INFO  ApacheHttpClient.completed(32) - responseCode = 200
2021-09-16 22:42:03 INFO  ApacheHttpClient.getTask(488) - responseCode = 200
2021-09-16 22:42:46 INFO  ApacheHttpClient.sendEvent(535) - responseCode = 200
2021-09-16 22:43:46 INFO  ApacheHttpClient.sendEvent(535) - responseCode = 200
2021-09-16 22:44:46 INFO  ApacheHttpClient.sendEvent(535) - responseCode = 200
2021-09-16 22:45:46 INFO  ApacheHttpClient.sendEvent(535) - responseCode = 200
2021-09-16 22:46:46 INFO  ApacheHttpClient.sendEvent(535) - responseCode = 200
2021-09-16 22:47:46 INFO  ApacheHttpClient.sendEvent(535) - responseCode = 200
2021-09-16 22:48:46 INFO  ApacheHttpClient.sendEvent(535) - responseCode = 200
2021-09-16 22:49:46 INFO  ApacheHttpClient.sendEvent(535) - responseCode = 200
2021-09-16 22:50:46 INFO  ApacheHttpClient.sendEvent(535) - responseCode = 200
2021-09-16 22:51:46 INFO  ApacheHttpClient.sendEvent(535) - responseCode = 200
2021-09-16 22:52:46 INFO  ApacheHttpClient.sendEvent(535) - responseCode = 200
2021-09-16 22:53:46 INFO  ApacheHttpClient.sendEvent(535) - responseCode = 200
2021-09-16 22:54:46 INFO  ApacheHttpClient.sendEvent(535) - responseCode = 200
2021-09-16 22:55:46 INFO  ApacheHttpClient.sendEvent(535) - responseCode = 200
2021-09-16 22:56:16 INFO  ApacheHttpClient.getWebResourceAsStream(502) - responseCode = 200
2021-09-16 22:56:17 INFO  ApacheHttpClient.getTask(488) - responseCode = 200
2021-09-16 22:56:18 INFO  ApacheHttpClient.completed(32) - responseCode = 200
2021-09-16 22:56:18 INFO  ApacheHttpClient.getTask(488) - responseCode = 200
2021-09-16 22:56:23 INFO  ApacheHttpClient.getWebResourceAsStream(502) - responseCode = 200
2021-09-16 22:56:23 INFO  ApacheHttpClient.getFilteredTasks(336) - responseCode = 200
2021-09-16 22:56:28 INFO  TaskInfoSelectorMouseListener.createDirectoryRecursive(77) - File created :D:/IntellijIdea-workspace/CodeGymTasks/lib
2021-09-16 22:56:28 INFO  ApacheHttpClient.getWebResourceAsStream(502) - responseCode = 200
2021-09-16 22:56:28 INFO  ApacheHttpClient.getWebResourceAsStream(502) - responseCode = 200
2021-09-16 22:56:29 INFO  ApacheHttpClient.getTaskTemplateInfo(353) - responseCode = 200
2021-09-16 22:56:29 INFO  TaskInfoSelectorMouseListener.createDirectoryRecursive(77) - File created :D:/IntellijIdea-workspace/CodeGymTasks/8.Games/src/com
2021-09-16 22:56:29 INFO  TaskInfoSelectorMouseListener.createDirectoryRecursive(77) - File created :D:/IntellijIdea-workspace/CodeGymTasks/8.Games/src/com/codegym
2021-09-16 22:56:29 INFO  TaskInfoSelectorMouseListener.createDirectoryRecursive(77) - File created :D:/IntellijIdea-workspace/CodeGymTasks/8.Games/src/com/codegym/games
2021-09-16 22:56:29 INFO  TaskInfoSelectorMouseListener.createDirectoryRecursive(77) - File created :D:/IntellijIdea-workspace/CodeGymTasks/8.Games/src/com/codegym/games/minesweeper
2021-09-16 22:56:46 INFO  ApacheHttpClient.sendEvent(535) - responseCode = 200
2021-09-16 22:57:46 INFO  ApacheHttpClient.sendEvent(535) - responseCode = 200
2021-09-16 22:57:47 INFO  ApacheHttpClient.sendEvent(535) - responseCode = 200
2021-09-16 22:58:46 INFO  ApacheHttpClient.getWebResourceAsStream(502) - responseCode = 200
2021-09-16 22:58:47 INFO  ApacheHttpClient.sendEvent(535) - responseCode = 200
2021-09-16 22:58:47 INFO  ApacheHttpClient.sendEvent(535) - responseCode = 200
2021-09-16 22:58:47 INFO  ApacheHttpClient.getTask(488) - responseCode = 200
2021-09-16 22:58:48 INFO  ApacheHttpClient.completed(32) - responseCode = 200
2021-09-16 22:58:48 INFO  ApacheHttpClient.getTask(488) - responseCode = 200
2021-09-16 22:58:57 INFO  ApacheHttpClient.getWebResourceAsStream(502) - responseCode = 200
2021-09-16 22:58:57 WARN  PluginUtil.getCurrentTask(78) - Error while retrieving the task key.
java.lang.StringIndexOutOfBoundsException: String index out of range: -1
	at java.base/java.lang.String.substring(String.java:1837)
	at com.homework.plugin.PluginUtil.getCurrentVirtualFile(PluginUtil.java:158)
	at com.homework.plugin.PluginUtil.getCurrentTask(PluginUtil.java:69)
	at com.homework.plugin.button.PublishButton.actionPerformed(PublishButton.java:69)
	at com.intellij.openapi.actionSystem.impl.ActionButton.actionPerformed(ActionButton.java:171)
	at com.intellij.openapi.actionSystem.impl.ActionButton.lambda$performAction$0(ActionButton.java:150)
	at com.intellij.openapi.actionSystem.ex.ActionUtil.performDumbAwareWithCallbacks(ActionUtil.java:261)
	at com.intellij.openapi.actionSystem.impl.ActionButton.performAction(ActionButton.java:150)
	at com.intellij.openapi.actionSystem.impl.ActionButton.processMouseEvent(ActionButton.java:427)
	at java.desktop/java.awt.Component.processEvent(Component.java:6417)
	at java.desktop/java.awt.Container.processEvent(Container.java:2263)
	at java.desktop/java.awt.Component.dispatchEventImpl(Component.java:5027)
	at java.desktop/java.awt.Container.dispatchEventImpl(Container.java:2321)
	at java.desktop/java.awt.Component.dispatchEvent(Component.java:4859)
	at java.desktop/java.awt.LightweightDispatcher.retargetMouseEvent(Container.java:4918)
	at java.desktop/java.awt.LightweightDispatcher.processMouseEvent(Container.java:4547)
	at java.desktop/java.awt.LightweightDispatcher.dispatchEvent(Container.java:4488)
	at java.desktop/java.awt.Container.dispatchEventImpl(Container.java:2307)
	at java.desktop/java.awt.Window.dispatchEventImpl(Window.java:2784)
	at java.desktop/java.awt.Component.dispatchEvent(Component.java:4859)
	at java.desktop/java.awt.EventQueue.dispatchEventImpl(EventQueue.java:778)
	at java.desktop/java.awt.EventQueue$4.run(EventQueue.java:727)
	at java.desktop/java.awt.EventQueue$4.run(EventQueue.java:721)
	at java.base/java.security.AccessController.doPrivileged(Native Method)
	at java.base/java.security.ProtectionDomain$JavaSecurityAccessImpl.doIntersectionPrivilege(ProtectionDomain.java:85)
	at java.base/java.security.ProtectionDomain$JavaSecurityAccessImpl.doIntersectionPrivilege(ProtectionDomain.java:95)
	at java.desktop/java.awt.EventQueue$5.run(EventQueue.java:751)
	at java.desktop/java.awt.EventQueue$5.run(EventQueue.java:749)
	at java.base/java.security.AccessController.doPrivileged(Native Method)
	at java.base/java.security.ProtectionDomain$JavaSecurityAccessImpl.doIntersectionPrivilege(ProtectionDomain.java:85)
	at java.desktop/java.awt.EventQueue.dispatchEvent(EventQueue.java:748)
	at com.intellij.ide.IdeEventQueue.defaultDispatchEvent(IdeEventQueue.java:885)
	at com.intellij.ide.IdeEventQueue.dispatchMouseEvent(IdeEventQueue.java:814)
	at com.intellij.ide.IdeEventQueue._dispatchEvent(IdeEventQueue.java:751)
	at com.intellij.ide.IdeEventQueue.lambda$dispatchEvent$6(IdeEventQueue.java:441)
	at com.intellij.openapi.progress.impl.CoreProgressManager.computePrioritized(CoreProgressManager.java:825)
	at com.intellij.ide.IdeEventQueue.lambda$dispatchEvent$7(IdeEventQueue.java:440)
	at com.intellij.openapi.application.impl.ApplicationImpl.runIntendedWriteActionOnCurrentThread(ApplicationImpl.java:794)
	at com.intellij.ide.IdeEventQueue.dispatchEvent(IdeEventQueue.java:492)
	at java.desktop/java.awt.EventDispatchThread.pumpOneEventForFilters(EventDispatchThread.java:203)
	at java.desktop/java.awt.EventDispatchThread.pumpEventsForFilter(EventDispatchThread.java:124)
	at java.desktop/java.awt.EventDispatchThread.pumpEventsForHierarchy(EventDispatchThread.java:113)
	at java.desktop/java.awt.EventDispatchThread.pumpEvents(EventDispatchThread.java:109)
	at java.desktop/java.awt.EventDispatchThread.pumpEvents(EventDispatchThread.java:101)
	at java.desktop/java.awt.EventDispatchThread.run(EventDispatchThread.java:90)
2021-09-16 22:58:57 WARN  PluginUtil.getCurrentDirectory(109) - Error while getting the current directory.
java.lang.StringIndexOutOfBoundsException: String index out of range: -1
	at java.base/java.lang.String.substring(String.java:1837)
	at com.homework.plugin.PluginUtil.getCurrentVirtualFile(PluginUtil.java:158)
	at com.homework.plugin.PluginUtil.getCurrentDirectory(PluginUtil.java:107)
	at com.homework.plugin.button.PublishButton.actionPerformed(PublishButton.java:74)
	at com.intellij.openapi.actionSystem.impl.ActionButton.actionPerformed(ActionButton.java:171)
	at com.intellij.openapi.actionSystem.impl.ActionButton.lambda$performAction$0(ActionButton.java:150)
	at com.intellij.openapi.actionSystem.ex.ActionUtil.performDumbAwareWithCallbacks(ActionUtil.java:261)
	at com.intellij.openapi.actionSystem.impl.ActionButton.performAction(ActionButton.java:150)
	at com.intellij.openapi.actionSystem.impl.ActionButton.processMouseEvent(ActionButton.java:427)
	at java.desktop/java.awt.Component.processEvent(Component.java:6417)
	at java.desktop/java.awt.Container.processEvent(Container.java:2263)
	at java.desktop/java.awt.Component.dispatchEventImpl(Component.java:5027)
	at java.desktop/java.awt.Container.dispatchEventImpl(Container.java:2321)
	at java.desktop/java.awt.Component.dispatchEvent(Component.java:4859)
	at java.desktop/java.awt.LightweightDispatcher.retargetMouseEvent(Container.java:4918)
	at java.desktop/java.awt.LightweightDispatcher.processMouseEvent(Container.java:4547)
	at java.desktop/java.awt.LightweightDispatcher.dispatchEvent(Container.java:4488)
	at java.desktop/java.awt.Container.dispatchEventImpl(Container.java:2307)
	at java.desktop/java.awt.Window.dispatchEventImpl(Window.java:2784)
	at java.desktop/java.awt.Component.dispatchEvent(Component.java:4859)
	at java.desktop/java.awt.EventQueue.dispatchEventImpl(EventQueue.java:778)
	at java.desktop/java.awt.EventQueue$4.run(EventQueue.java:727)
	at java.desktop/java.awt.EventQueue$4.run(EventQueue.java:721)
	at java.base/java.security.AccessController.doPrivileged(Native Method)
	at java.base/java.security.ProtectionDomain$JavaSecurityAccessImpl.doIntersectionPrivilege(ProtectionDomain.java:85)
	at java.base/java.security.ProtectionDomain$JavaSecurityAccessImpl.doIntersectionPrivilege(ProtectionDomain.java:95)
	at java.desktop/java.awt.EventQueue$5.run(EventQueue.java:751)
	at java.desktop/java.awt.EventQueue$5.run(EventQueue.java:749)
	at java.base/java.security.AccessController.doPrivileged(Native Method)
	at java.base/java.security.ProtectionDomain$JavaSecurityAccessImpl.doIntersectionPrivilege(ProtectionDomain.java:85)
	at java.desktop/java.awt.EventQueue.dispatchEvent(EventQueue.java:748)
	at com.intellij.ide.IdeEventQueue.defaultDispatchEvent(IdeEventQueue.java:885)
	at com.intellij.ide.IdeEventQueue.dispatchMouseEvent(IdeEventQueue.java:814)
	at com.intellij.ide.IdeEventQueue._dispatchEvent(IdeEventQueue.java:751)
	at com.intellij.ide.IdeEventQueue.lambda$dispatchEvent$6(IdeEventQueue.java:441)
	at com.intellij.openapi.progress.impl.CoreProgressManager.computePrioritized(CoreProgressManager.java:825)
	at com.intellij.ide.IdeEventQueue.lambda$dispatchEvent$7(IdeEventQueue.java:440)
	at com.intellij.openapi.application.impl.ApplicationImpl.runIntendedWriteActionOnCurrentThread(ApplicationImpl.java:794)
	at com.intellij.ide.IdeEventQueue.dispatchEvent(IdeEventQueue.java:492)
	at java.desktop/java.awt.EventDispatchThread.pumpOneEventForFilters(EventDispatchThread.java:203)
	at java.desktop/java.awt.EventDispatchThread.pumpEventsForFilter(EventDispatchThread.java:124)
	at java.desktop/java.awt.EventDispatchThread.pumpEventsForHierarchy(EventDispatchThread.java:113)
	at java.desktop/java.awt.EventDispatchThread.pumpEvents(EventDispatchThread.java:109)
	at java.desktop/java.awt.EventDispatchThread.pumpEvents(EventDispatchThread.java:101)
	at java.desktop/java.awt.EventDispatchThread.run(EventDispatchThread.java:90)
2021-09-16 22:59:07 INFO  ApacheHttpClient.getWebResourceAsStream(502) - responseCode = 200
2021-09-16 22:59:46 INFO  ApacheHttpClient.sendEvent(535) - responseCode = 200
2021-09-16 22:59:47 INFO  ApacheHttpClient.sendEvent(535) - responseCode = 200
